<html xmlns:string="xalan://java.lang.String" xmlns:lxslt="http://xml.apache.org/xslt">
<head>
<META http-equiv="Content-Type" content="text/html; charset=UTF-8">
<title>Unit Test Results: All Tests</title>
<link rel="stylesheet" type="text/css" title="Style" href="stylesheet.css">
</head>
<body onload="open('allclasses-frame.html','classListFrame')">
<h1>Unit Test Results.</h1>
<table width="100%">
<tr>
<td align="left"></td><td align="right">Designed for use with <a href="http://www.junit.org/">JUnit</a> and <a href="http://ant.apache.org/">Ant</a>.</td>
</tr>
</table>
<hr size="1">
<h2>All Tests</h2>
<table class="details" border="0" cellpadding="5" cellspacing="2" width="95%">
<tr valign="top">
<th>Class</th><th>Name</th><th>Status</th><th width="80%">Type</th><th nowrap>Time(s)</th>
</tr>
<tr valign="top" class="TableRowColor">
<td><a href="cucumber/runtime/formatter/0_JUnitFormatter.html">JUnitFormatter</a></td><td><a name="MS test scenario 1 - - verify valid search - results found"></a><a href="cucumber/runtime/formatter/0_JUnitFormatter.html#MS test scenario 1 - - verify valid search - results found">MS test scenario 1 - - verify valid search - results found</a></td><td>Success</td><td></td><td>23.165</td>
</tr>
<tr valign="top" class="TableRowColor">
<td><a href="cucumber/runtime/formatter/0_JUnitFormatter.html">JUnitFormatter</a></td><td><a name="MS test scenario 2 - verify valid search - results found"></a><a href="cucumber/runtime/formatter/0_JUnitFormatter.html#MS test scenario 2 - verify valid search - results found">MS test scenario 2 - verify valid search - results found</a></td><td>Success</td><td></td><td>19.514</td>
</tr>
<tr valign="top" class="TableRowColor">
<td><a href="cucumber/runtime/formatter/0_JUnitFormatter.html">JUnitFormatter</a></td><td><a name="MS test scenario 3 - verify invalid search - no results"></a><a href="cucumber/runtime/formatter/0_JUnitFormatter.html#MS test scenario 3 - verify invalid search - no results">MS test scenario 3 - verify invalid search - no results</a></td><td>Success</td><td></td><td>20.849</td>
</tr>
<tr valign="top" class="Failure">
<td><a href="cucumber/runtime/formatter/0_JUnitFormatter.html">JUnitFormatter</a></td><td><a name="MS test scenario 4 - verify successful login"></a><a href="cucumber/runtime/formatter/0_JUnitFormatter.html#MS test scenario 4 - verify successful login">MS test scenario 4 - verify successful login</a></td><td>Failure</td><td>org.openqa.selenium.NoSuchElementException: Unable to locate element: {"method":"css selector","selector":"iframe[title='iframe content']"}
Command duration or timeout: 10.08 seconds
For documentation on this error, please visit: http://seleniumhq.org/exceptions/no_such_element.html
Build info: version: '2.52.0', revision: '4c2593c', time: '2016-02-11 19:06:42'
System info: host: 'APOPA-RO-PC', ip: '10.249.130.209', os.name: 'Windows 7', os.arch: 'amd64', os.version: '6.1', java.version: '1.8.0_92'
Driver info: org.openqa.selenium.firefox.FirefoxDriver
Capabilities [{applicationCacheEnabled=true, rotatable=false, handlesAlerts=true, databaseEnabled=true, version=43.0.1, platform=WINDOWS, nativeEvents=false, acceptSslCerts=true, webStorageEnabled=true, locationContextEnabled=true, browserName=firefox, takesScreenshot=true, javascriptEnabled=true, cssSelectorsEnabled=true}]
Session ID: b65e47e9-b0bc-4096-8e1b-911998e79c61
*** Element info: {Using=css selector, value=iframe[title='iframe content']}&#13;
	at sun.reflect.NativeConstructorAccessorImpl.newInstance0(Native Method)&#13;
	at sun.reflect.NativeConstructorAccessorImpl.newInstance(NativeConstructorAccessorImpl.java:62)&#13;
	at sun.reflect.DelegatingConstructorAccessorImpl.newInstance(DelegatingConstructorAccessorImpl.java:45)&#13;
	at java.lang.reflect.Constructor.newInstance(Constructor.java:423)&#13;
	at org.openqa.selenium.remote.ErrorHandler.createThrowable(ErrorHandler.java:206)&#13;
	at org.openqa.selenium.remote.ErrorHandler.throwIfResponseFailed(ErrorHandler.java:158)&#13;
	at org.openqa.selenium.remote.RemoteWebDriver.execute(RemoteWebDriver.java:678)&#13;
	at org.openqa.selenium.remote.RemoteWebDriver.findElement(RemoteWebDriver.java:363)&#13;
	at org.openqa.selenium.remote.RemoteWebDriver.findElementByCssSelector(RemoteWebDriver.java:492)&#13;
	at org.openqa.selenium.By$ByCssSelector.findElement(By.java:430)&#13;
	at org.openqa.selenium.remote.RemoteWebDriver.findElement(RemoteWebDriver.java:355)&#13;
	at selenium.WebDriverDelegate.findElement(Unknown Source)&#13;
	at page.objects.Page.switchToLoginiFrame(Unknown Source)&#13;
	at ctest.features.StepDefinitions.verifyNotFound(Unknown Source)&#13;
	at ✽.When sign-in with credentials: "mstest@mailinator.com" "test1234"(ctest/features/test.feature:21)&#13;
Caused by: org.openqa.selenium.NoSuchElementException: Unable to locate element: {"method":"css selector","selector":"iframe[title='iframe content']"}
For documentation on this error, please visit: http://seleniumhq.org/exceptions/no_such_element.html
Build info: version: '2.52.0', revision: '4c2593c', time: '2016-02-11 19:06:42'
System info: host: 'APOPA-RO-PC', ip: '10.249.130.209', os.name: 'Windows 7', os.arch: 'amd64', os.version: '6.1', java.version: '1.8.0_92'
Driver info: driver.version: unknown&#13;
	at &lt;anonymous class&gt;.FirefoxDriver.prototype.findElementInternal_(file:///C:/Users/apopa/AppData/Local/Temp/anonymous3497258549446627653webdriver-profile/extensions/fxdriver@googlecode.com/components/driver-component.js:10723)&#13;
	at &lt;anonymous class&gt;.fxdriver.Timer.prototype.setTimeout/&lt;.notify(file:///C:/Users/apopa/AppData/Local/Temp/anonymous3497258549446627653webdriver-profile/extensions/fxdriver@googlecode.com/components/driver-component.js:623)&#13;
<br>
<br>
<code>Given go to "http://www.marksandspencer.com/"...............................passed<br>
<br>When sign-in with credentials: "mstest@maiilinator.com" "test1234"...........failed<br>Then verify log in: "test"...................................................skipped<br>
<br>StackTrace:<br>org.openqa.selenium.NoSuchElementException: Unable to locate element: {"method":"css selector","selector":"iframe[title='iframe content']"}<br>Command duration or timeout: 10.08 seconds<br>For documentation on this error, please visit: http://seleniumhq.org//exceptions/no_such_element.html<br>Build info: version: '2.52..0', revision: '4c2593c', time: '2016-02-11 19:06:42'<br>System info: host: 'APOPA-RO-PC', ip: '10.249.130.209', os.name: 'Windows 7', os.arch: 'amd64', os.version: '6.1', java.version: '1.8.0_92'<br>Driver info: org.openqa.selenium.firefox.FirefoxDriver<br>Capabilities [{applicationCacheEnabled=true, rotatable=false, handlesAlerts==true, databaseEnabled=true, version=43.0.1, platform=WINDOWS, nativeEvents=false, acceptSslCerts=true, webStorageEnabled=true, locationContextEnabled=true, browserName=firefox, takesScreenshot=true, javascriptEnabled=true, cssSelectorsEnabled=true}]<br>Session ID: b65e47e9-b0bc-4096-8e1b-911998e79c61<br>*** Element info: {Using=css selector, value=iframe[title='iframe content']}<br>
<br>	at sun.reflect.NativeeConstructorAccessorImpl.newInstance0(Native Method)<br>
<br>	at sun.reflect.NativeConstructorAccessorImpl.newInstance(NativeConstructorAccessorImpl.java:62)<br>
<br>	at sun.reflect.DelegatiingConstructorAccessorImpl.newInstance(DelegatingConstructorAccessorImpl.java:45)<br>
<br>	at java.lang.reflect.Constructor.newInstance(Constructor.java:423)<br>
<br>	at org.openqa.selenium.remote.ErrorHandler.createThrowable(ErrorHandler.java:206)<br>
<br>	at org.openqa.selenium.remotee.ErrorHandler.throwIfResponseFailed(ErrorHandler.java:158)<br>
<br>	at org.openqa.selenium.remote.RemoteWebDriver.execute(RemoteWebDriver.java:678)<br>
<br>	at org.openqa.selenium.remote.RemoteWebDriver.finndElement(RemoteWebDriver.java:363)<br>
<br>	at org.openqa.selenium.remote.RemoteWebDriver.findElementByCssSelector(RemoteWebDriver.java:492)<br>
<br>	at org.openqa.selenium.By$ByCssSelector.findElement(By.java:430)<br>
<br>	at org.openqa.selenium.remote.RemoteWWebDriver.findElement(RemoteWebDriver.java:355)<br>
<br>	at selenium.WebDriverDelegate.findElement(Unknown Source)<br>
<br>	at page.objects.Page.switchToLoginiFrame(Unknown Source)<br>
<br>	at ctest.features.StepDefinitions.verifyNotFound(Unknoown Source)<br>
<br>	at ✽.When sign-in with credentials: "mstest@mailinator.com" "test1234"(ctest/features/test.feature:21)<br>
<br>Caused by: org.openqa.selenium.NoSuchElementException: Unable to locate element: {"method":"css selector","selector":"iframe[tiitle='iframe content']"}<br>For documentation on this error, please visit: http://seleniumhq.org/exceptions/no_such_ellement.html<br>Build info: version: '2.52.0', revision: '4c2593c', time: '2016-02-11 19:06:42'<br>System info: host: 'APOPA-RO-PC', ip: '10.249.130.209', os.name: 'Windows 7', os.arch: 'amd64', os.version: '6.11', java.version: '1.8.0_92'<br>Driver info: driver.version: unknown<br>
<br>	at &lt;anonymous class&gt;.FirefoxDriver.prototype.findElementInternal_(file:///C:/Users/apopa/AppData/Local/Temp/anonymous3497258549446627653webdriver-profile/extensions/fxdriver@googlecode.com/components/driver-component.js:10723)<br>
<br>	at &lt;anonymous class&gt;.fxdriver.Timer.prototype.setTimeout/&lt;.notify(file:///C:/Users/apopa/AppData/Local/Temp/anonnymous3497258549446627653webdriver-profile/extensions/fxdriver@googlecode.com/components/driver-component.js:623)<br>
<br>
</code></td><td>23.327</td>
</tr>
<tr valign="top" class="Failure">
<td><a href="cucumber/runtime/formatter/0_JUnitFormatter.html">JUnitFormatter</a></td><td><a name="MS test scenario 5 - verify failed login"></a><a href="cucumber/runtime/formatter/0_JUnitFormatter.html#MS test scenario 5 - verify failed login">MS test scenario 5 - verify failed login</a></td><td>Failure</td><td>org.openqa.selenium.NoSuchElementException: Unable to locate element: {"method":"css selector","selector":"iframe[title='iframe content']"}
Command duration or timeout: 10.69 seconds
For documentation on this error, please visit: http://seleniumhq.org/exceptions/no_such_element.html
Build info: version: '2.52.0', revision: '4c2593c', time: '2016-02-11 19:06:42'
System info: host: 'APOPA-RO-PC', ip: '10.249.130.209', os.name: 'Windows 7', os.arch: 'amd64', os.version: '6.1', java.version: '1.8.0_92'
Driver info: org.openqa.selenium.firefox.FirefoxDriver
Capabilities [{applicationCacheEnabled=true, rotatable=false, handlesAlerts=true, databaseEnabled=true, version=43.0.1, platform=WINDOWS, nativeEvents=false, acceptSslCerts=true, webStorageEnabled=true, locationContextEnabled=true, browserName=firefox, takesScreenshot=true, javascriptEnabled=true, cssSelectorsEnabled=true}]
Session ID: 961f5ba2-7d09-4fad-b729-2b754b88e66b
*** Element info: {Using=css selector, value=iframe[title='iframe content']}&#13;
	at sun.reflect.NativeConstructorAccessorImpl.newInstance0(Native Method)&#13;
	at sun.reflect.NativeConstructorAccessorImpl.newInstance(NativeConstructorAccessorImpl.java:62)&#13;
	at sun.reflect.DelegatingConstructorAccessorImpl.newInstance(DelegatingConstructorAccessorImpl.java:45)&#13;
	at java.lang.reflect.Constructor.newInstance(Constructor.java:423)&#13;
	at org.openqa.selenium.remote.ErrorHandler.createThrowable(ErrorHandler.java:206)&#13;
	at org.openqa.selenium.remote.ErrorHandler.throwIfResponseFailed(ErrorHandler.java:158)&#13;
	at org.openqa.selenium.remote.RemoteWebDriver.execute(RemoteWebDriver.java:678)&#13;
	at org.openqa.selenium.remote.RemoteWebDriver.findElement(RemoteWebDriver.java:363)&#13;
	at org.openqa.selenium.remote.RemoteWebDriver.findElementByCssSelector(RemoteWebDriver.java:492)&#13;
	at org.openqa.selenium.By$ByCssSelector.findElement(By.java:430)&#13;
	at org.openqa.selenium.remote.RemoteWebDriver.findElement(RemoteWebDriver.java:355)&#13;
	at selenium.WebDriverDelegate.findElement(Unknown Source)&#13;
	at page.objects.Page.switchToLoginiFrame(Unknown Source)&#13;
	at ctest.features.StepDefinitions.verifyNotFound(Unknown Source)&#13;
	at ✽.When sign-in with credentials: "test@mailinator.com" "test1234"(ctest/features/test.feature:26)&#13;
Caused by: org.openqa.selenium.NoSuchElementException: Unable to locate element: {"method":"css selector","selector":"iframe[title='iframe content']"}
For documentation on this error, please visit: http://seleniumhq.org/exceptions/no_such_element.html
Build info: version: '2.52.0', revision: '4c2593c', time: '2016-02-11 19:06:42'
System info: host: 'APOPA-RO-PC', ip: '10.249.130.209', os.name: 'Windows 7', os.arch: 'amd64', os.version: '6.1', java.version: '1.8.0_92'
Driver info: driver.version: unknown&#13;
	at &lt;anonymous class&gt;.FirefoxDriver.prototype.findElementInternal_(file:///C:/Users/apopa/AppData/Local/Temp/anonymous4443663111120345130webdriver-profile/extensions/fxdriver@googlecode.com/components/driver-component.js:10723)&#13;
	at &lt;anonymous class&gt;.fxdriver.Timer.prototype.setTimeout/&lt;.notify(file:///C:/Users/apopa/AppData/Local/Temp/anonymous4443663111120345130webdriver-profile/extensions/fxdriver@googlecode.com/components/driver-component.js:623)&#13;
<br>
<br>
<code>Given go to "http://www.marksandspencer.com/"...............................passed<br>
<br>When sign-in with credentials: "test@mailiinator.com" "test1234".............failed<br>Then verify log in failed....................................................skipped<br>
<br>StackTrace:<br>org.openqa.selenium.NoSuchElementException: Unable to locate element: {"method":"css selector","selector":"iframe[title='iframe content']"}<br>Command duration or timeout: 10.69 seconds<br>For documentation on this error, please visit: http://seleniumhq.org//exceptions/no_such_element.html<br>Build info: version: '2.52..0', revision: '4c2593c', time: '2016-02-11 19:06:42'<br>System info: host: 'APOPA-RO-PC', ip: '10.249.130.209', os.name: 'Windows 7', os.arch: 'amd64', os.version: '6.1', java.version: '1.8.0_92'<br>Driver info: org.openqa.selenium.firefox.FirefoxDriver<br>Capabilities [{applicationCacheEnabled=true, rotatable=false, handlesAlerts==true, databaseEnabled=true, version=43.0.1, platform=WINDOWS, nativeEvents=false, acceptSslCerts=true, webStorageEnabled=true, locationContextEnabled=true, browserName=firefox, takesScreenshot=true, javascriptEnabled=true, cssSelectorsEnabled=true}]<br>Session ID: 961f5ba2-7d09-4fad-b729-2b754b88e66b<br>*** Element info: {Using=css selector, value=iframe[title='iframe content']}<br>
<br>	at sun.reflect.NativeeConstructorAccessorImpl.newInstance0(Native Method)<br>
<br>	at sun.reflect.NativeConstructorAccessorImpl.newInstance(NativeConstructorAccessorImpl.java:62)<br>
<br>	at sun.reflect.DelegatiingConstructorAccessorImpl.newInstance(DelegatingConstructorAccessorImpl.java:45)<br>
<br>	at java.lang.reflect.Constructor.newInstance(Constructor.java:423)<br>
<br>	at org.openqa.selenium.remote.ErrorHandler.createThrowable(ErrorHandler.java:206)<br>
<br>	at org.openqa.selenium.remotte.ErrorHandler.throwIfResponseFailed(ErrorHandler.java:158)<br>
<br>	at org.openqa.selenium.remote.RemoteWebDriver.execute(RemoteWebDriver.java:678)<br>
<br>	at org.openqa.selenium.remote.RemoteWebDriver.finndElement(RemoteWebDriver.java:363)<br>
<br>	at org.openqa.selenium.remote.RemoteWebDriver.findElementByCssSelector(RemoteWebDriver.java:492)<br>
<br>	at org.openqa.selenium.By$ByCssSelector.findElement(By.java:430)<br>
<br>	at org.openqa.selenium.remote.RemoteWWebDriver.findElement(RemoteWebDriver.java:355)<br>
<br>	at selenium.WebDriverDelegate.findElement(Unknown Source)<br>
<br>	at page.objects.Page.switchToLoginiFrame(Unknown Source)<br>
<br>	at ctest.features.StepDefinitions.verifyNotFound(Unknnown Source)<br>
<br>	at ✽.When sign-in with credentials: "test@mailinator.com" "test1234"(ctest/features/test.feature:26)<br>
<br>Caused by: org.openqa.selenium.NoSuchElementException: Unable to locate element: {"method":"css selector","selector":"iframe[tittle='iframe content']"}<br>For documentation on this error, please visit: http://seleniumhq.org/exceptions/no_such_ellement.html<br>Build info: version: '2.52.0', revision: '4c2593c', time: '2016-02-11 19:06:42'<br>System info: host: 'APOPA-RO-PC', ip: '10.249.130.209', os.name: 'Windows 7', os.arch: 'amd64', os.version: '6.11', java.version: '1.8.0_92'<br>Driver info: driver.version: unknown<br>
<br>	at &lt;anonymous class&gt;.FirefoxDriver.prototype.findElementInternal_(file:///C:/Users/apopa/AppData/Local/Temp/anonymous4443663111120345130webdriver-profile/extensions/fxdriver@googlecode.com/components/driver-component.js:10723)<br>
<br>	at &lt;anonymous class&gt;.fxdriver.Timer.prototype.setTimeout/&lt;.notify(file:///C:/Users/apopa/AppData/Local/Temp/anonnymous4443663111120345130webdriver-profile/extensions/fxdriver@googlecode.com/components/driver-component.js:623)<br>
<br>
</code></td><td>22.413</td>
</tr>
</table>
</body>
</html>
