<?xml version="1.0" encoding="UTF-8"?><testsuite failures="2" name="cucumber.runtime.formatter.JUnitFormatter" skipped="0" tests="5" time="109.267994">
<testcase classname="MS Demo Test" name="MS test scenario 1 - - verify valid search - results found" time="23.165126">
<system-out><![CDATA[Given go to "http://www.marksandspencer.com/"...............................passed
When search for "Socks".....................................................passed
Then verify found items.....................................................passed
]]></system-out>
</testcase>
<testcase classname="MS Demo Test" name="MS test scenario 2 - verify valid search - results found" time="19.513756">
<system-out><![CDATA[Given go to "http://www.marksandspencer.com/"...............................passed
When search for "shoes".....................................................passed
Then verify found items.....................................................passed
]]></system-out>
</testcase>
<testcase classname="MS Demo Test" name="MS test scenario 3 - verify invalid search - no results" time="20.848931">
<system-out><![CDATA[Given go to "http://www.marksandspencer.com/"...............................passed
When search for "asasasa"...................................................passed
Then verify not found items.................................................passed
]]></system-out>
</testcase>
<testcase classname="MS Demo Test" name="MS test scenario 4 - verify successful login" time="23.327269">
<failure message="org.openqa.selenium.NoSuchElementException: Unable to locate element: {&quot;method&quot;:&quot;css selector&quot;,&quot;selector&quot;:&quot;iframe[title='iframe content']&quot;}&#10;Command duration or timeout: 10.08 seconds&#10;For documentation on this error, please visit: http://seleniumhq.org/exceptions/no_such_element.html&#10;Build info: version: '2.52.0', revision: '4c2593c', time: '2016-02-11 19:06:42'&#10;System info: host: 'APOPA-RO-PC', ip: '10.249.130.209', os.name: 'Windows 7', os.arch: 'amd64', os.version: '6.1', java.version: '1.8.0_92'&#10;Driver info: org.openqa.selenium.firefox.FirefoxDriver&#10;Capabilities [{applicationCacheEnabled=true, rotatable=false, handlesAlerts=true, databaseEnabled=true, version=43.0.1, platform=WINDOWS, nativeEvents=false, acceptSslCerts=true, webStorageEnabled=true, locationContextEnabled=true, browserName=firefox, takesScreenshot=true, javascriptEnabled=true, cssSelectorsEnabled=true}]&#10;Session ID: b65e47e9-b0bc-4096-8e1b-911998e79c61&#10;*** Element info: {Using=css selector, value=iframe[title='iframe content']}&#13;&#10;&#9;at sun.reflect.NativeConstructorAccessorImpl.newInstance0(Native Method)&#13;&#10;&#9;at sun.reflect.NativeConstructorAccessorImpl.newInstance(NativeConstructorAccessorImpl.java:62)&#13;&#10;&#9;at sun.reflect.DelegatingConstructorAccessorImpl.newInstance(DelegatingConstructorAccessorImpl.java:45)&#13;&#10;&#9;at java.lang.reflect.Constructor.newInstance(Constructor.java:423)&#13;&#10;&#9;at org.openqa.selenium.remote.ErrorHandler.createThrowable(ErrorHandler.java:206)&#13;&#10;&#9;at org.openqa.selenium.remote.ErrorHandler.throwIfResponseFailed(ErrorHandler.java:158)&#13;&#10;&#9;at org.openqa.selenium.remote.RemoteWebDriver.execute(RemoteWebDriver.java:678)&#13;&#10;&#9;at org.openqa.selenium.remote.RemoteWebDriver.findElement(RemoteWebDriver.java:363)&#13;&#10;&#9;at org.openqa.selenium.remote.RemoteWebDriver.findElementByCssSelector(RemoteWebDriver.java:492)&#13;&#10;&#9;at org.openqa.selenium.By$ByCssSelector.findElement(By.java:430)&#13;&#10;&#9;at org.openqa.selenium.remote.RemoteWebDriver.findElement(RemoteWebDriver.java:355)&#13;&#10;&#9;at selenium.WebDriverDelegate.findElement(Unknown Source)&#13;&#10;&#9;at page.objects.Page.switchToLoginiFrame(Unknown Source)&#13;&#10;&#9;at ctest.features.StepDefinitions.verifyNotFound(Unknown Source)&#13;&#10;&#9;at ✽.When sign-in with credentials: &quot;mstest@mailinator.com&quot; &quot;test1234&quot;(ctest/features/test.feature:21)&#13;&#10;Caused by: org.openqa.selenium.NoSuchElementException: Unable to locate element: {&quot;method&quot;:&quot;css selector&quot;,&quot;selector&quot;:&quot;iframe[title='iframe content']&quot;}&#10;For documentation on this error, please visit: http://seleniumhq.org/exceptions/no_such_element.html&#10;Build info: version: '2.52.0', revision: '4c2593c', time: '2016-02-11 19:06:42'&#10;System info: host: 'APOPA-RO-PC', ip: '10.249.130.209', os.name: 'Windows 7', os.arch: 'amd64', os.version: '6.1', java.version: '1.8.0_92'&#10;Driver info: driver.version: unknown&#13;&#10;&#9;at &lt;anonymous class&gt;.FirefoxDriver.prototype.findElementInternal_(file:///C:/Users/apopa/AppData/Local/Temp/anonymous3497258549446627653webdriver-profile/extensions/fxdriver@googlecode.com/components/driver-component.js:10723)&#13;&#10;&#9;at &lt;anonymous class&gt;.fxdriver.Timer.prototype.setTimeout/&lt;.notify(file:///C:/Users/apopa/AppData/Local/Temp/anonymous3497258549446627653webdriver-profile/extensions/fxdriver@googlecode.com/components/driver-component.js:623)&#13;&#10;"><![CDATA[Given go to "http://www.marksandspencer.com/"...............................passed
When sign-in with credentials: "mstest@mailinator.com" "test1234"...........failed
Then verify log in: "test"..................................................skipped

StackTrace:
org.openqa.selenium.NoSuchElementException: Unable to locate element: {"method":"css selector","selector":"iframe[title='iframe content']"}
Command duration or timeout: 10.08 seconds
For documentation on this error, please visit: http://seleniumhq.org/exceptions/no_such_element.html
Build info: version: '2.52.0', revision: '4c2593c', time: '2016-02-11 19:06:42'
System info: host: 'APOPA-RO-PC', ip: '10.249.130.209', os.name: 'Windows 7', os.arch: 'amd64', os.version: '6.1', java.version: '1.8.0_92'
Driver info: org.openqa.selenium.firefox.FirefoxDriver
Capabilities [{applicationCacheEnabled=true, rotatable=false, handlesAlerts=true, databaseEnabled=true, version=43.0.1, platform=WINDOWS, nativeEvents=false, acceptSslCerts=true, webStorageEnabled=true, locationContextEnabled=true, browserName=firefox, takesScreenshot=true, javascriptEnabled=true, cssSelectorsEnabled=true}]
Session ID: b65e47e9-b0bc-4096-8e1b-911998e79c61
*** Element info: {Using=css selector, value=iframe[title='iframe content']}
	at sun.reflect.NativeConstructorAccessorImpl.newInstance0(Native Method)
	at sun.reflect.NativeConstructorAccessorImpl.newInstance(NativeConstructorAccessorImpl.java:62)
	at sun.reflect.DelegatingConstructorAccessorImpl.newInstance(DelegatingConstructorAccessorImpl.java:45)
	at java.lang.reflect.Constructor.newInstance(Constructor.java:423)
	at org.openqa.selenium.remote.ErrorHandler.createThrowable(ErrorHandler.java:206)
	at org.openqa.selenium.remote.ErrorHandler.throwIfResponseFailed(ErrorHandler.java:158)
	at org.openqa.selenium.remote.RemoteWebDriver.execute(RemoteWebDriver.java:678)
	at org.openqa.selenium.remote.RemoteWebDriver.findElement(RemoteWebDriver.java:363)
	at org.openqa.selenium.remote.RemoteWebDriver.findElementByCssSelector(RemoteWebDriver.java:492)
	at org.openqa.selenium.By$ByCssSelector.findElement(By.java:430)
	at org.openqa.selenium.remote.RemoteWebDriver.findElement(RemoteWebDriver.java:355)
	at selenium.WebDriverDelegate.findElement(Unknown Source)
	at page.objects.Page.switchToLoginiFrame(Unknown Source)
	at ctest.features.StepDefinitions.verifyNotFound(Unknown Source)
	at ✽.When sign-in with credentials: "mstest@mailinator.com" "test1234"(ctest/features/test.feature:21)
Caused by: org.openqa.selenium.NoSuchElementException: Unable to locate element: {"method":"css selector","selector":"iframe[title='iframe content']"}
For documentation on this error, please visit: http://seleniumhq.org/exceptions/no_such_element.html
Build info: version: '2.52.0', revision: '4c2593c', time: '2016-02-11 19:06:42'
System info: host: 'APOPA-RO-PC', ip: '10.249.130.209', os.name: 'Windows 7', os.arch: 'amd64', os.version: '6.1', java.version: '1.8.0_92'
Driver info: driver.version: unknown
	at <anonymous class>.FirefoxDriver.prototype.findElementInternal_(file:///C:/Users/apopa/AppData/Local/Temp/anonymous3497258549446627653webdriver-profile/extensions/fxdriver@googlecode.com/components/driver-component.js:10723)
	at <anonymous class>.fxdriver.Timer.prototype.setTimeout/<.notify(file:///C:/Users/apopa/AppData/Local/Temp/anonymous3497258549446627653webdriver-profile/extensions/fxdriver@googlecode.com/components/driver-component.js:623)
]]></failure>
</testcase>
<testcase classname="MS Demo Test" name="MS test scenario 5 - verify failed login" time="22.412912">
<failure message="org.openqa.selenium.NoSuchElementException: Unable to locate element: {&quot;method&quot;:&quot;css selector&quot;,&quot;selector&quot;:&quot;iframe[title='iframe content']&quot;}&#10;Command duration or timeout: 10.69 seconds&#10;For documentation on this error, please visit: http://seleniumhq.org/exceptions/no_such_element.html&#10;Build info: version: '2.52.0', revision: '4c2593c', time: '2016-02-11 19:06:42'&#10;System info: host: 'APOPA-RO-PC', ip: '10.249.130.209', os.name: 'Windows 7', os.arch: 'amd64', os.version: '6.1', java.version: '1.8.0_92'&#10;Driver info: org.openqa.selenium.firefox.FirefoxDriver&#10;Capabilities [{applicationCacheEnabled=true, rotatable=false, handlesAlerts=true, databaseEnabled=true, version=43.0.1, platform=WINDOWS, nativeEvents=false, acceptSslCerts=true, webStorageEnabled=true, locationContextEnabled=true, browserName=firefox, takesScreenshot=true, javascriptEnabled=true, cssSelectorsEnabled=true}]&#10;Session ID: 961f5ba2-7d09-4fad-b729-2b754b88e66b&#10;*** Element info: {Using=css selector, value=iframe[title='iframe content']}&#13;&#10;&#9;at sun.reflect.NativeConstructorAccessorImpl.newInstance0(Native Method)&#13;&#10;&#9;at sun.reflect.NativeConstructorAccessorImpl.newInstance(NativeConstructorAccessorImpl.java:62)&#13;&#10;&#9;at sun.reflect.DelegatingConstructorAccessorImpl.newInstance(DelegatingConstructorAccessorImpl.java:45)&#13;&#10;&#9;at java.lang.reflect.Constructor.newInstance(Constructor.java:423)&#13;&#10;&#9;at org.openqa.selenium.remote.ErrorHandler.createThrowable(ErrorHandler.java:206)&#13;&#10;&#9;at org.openqa.selenium.remote.ErrorHandler.throwIfResponseFailed(ErrorHandler.java:158)&#13;&#10;&#9;at org.openqa.selenium.remote.RemoteWebDriver.execute(RemoteWebDriver.java:678)&#13;&#10;&#9;at org.openqa.selenium.remote.RemoteWebDriver.findElement(RemoteWebDriver.java:363)&#13;&#10;&#9;at org.openqa.selenium.remote.RemoteWebDriver.findElementByCssSelector(RemoteWebDriver.java:492)&#13;&#10;&#9;at org.openqa.selenium.By$ByCssSelector.findElement(By.java:430)&#13;&#10;&#9;at org.openqa.selenium.remote.RemoteWebDriver.findElement(RemoteWebDriver.java:355)&#13;&#10;&#9;at selenium.WebDriverDelegate.findElement(Unknown Source)&#13;&#10;&#9;at page.objects.Page.switchToLoginiFrame(Unknown Source)&#13;&#10;&#9;at ctest.features.StepDefinitions.verifyNotFound(Unknown Source)&#13;&#10;&#9;at ✽.When sign-in with credentials: &quot;test@mailinator.com&quot; &quot;test1234&quot;(ctest/features/test.feature:26)&#13;&#10;Caused by: org.openqa.selenium.NoSuchElementException: Unable to locate element: {&quot;method&quot;:&quot;css selector&quot;,&quot;selector&quot;:&quot;iframe[title='iframe content']&quot;}&#10;For documentation on this error, please visit: http://seleniumhq.org/exceptions/no_such_element.html&#10;Build info: version: '2.52.0', revision: '4c2593c', time: '2016-02-11 19:06:42'&#10;System info: host: 'APOPA-RO-PC', ip: '10.249.130.209', os.name: 'Windows 7', os.arch: 'amd64', os.version: '6.1', java.version: '1.8.0_92'&#10;Driver info: driver.version: unknown&#13;&#10;&#9;at &lt;anonymous class&gt;.FirefoxDriver.prototype.findElementInternal_(file:///C:/Users/apopa/AppData/Local/Temp/anonymous4443663111120345130webdriver-profile/extensions/fxdriver@googlecode.com/components/driver-component.js:10723)&#13;&#10;&#9;at &lt;anonymous class&gt;.fxdriver.Timer.prototype.setTimeout/&lt;.notify(file:///C:/Users/apopa/AppData/Local/Temp/anonymous4443663111120345130webdriver-profile/extensions/fxdriver@googlecode.com/components/driver-component.js:623)&#13;&#10;"><![CDATA[Given go to "http://www.marksandspencer.com/"...............................passed
When sign-in with credentials: "test@mailinator.com" "test1234".............failed
Then verify log in failed...................................................skipped

StackTrace:
org.openqa.selenium.NoSuchElementException: Unable to locate element: {"method":"css selector","selector":"iframe[title='iframe content']"}
Command duration or timeout: 10.69 seconds
For documentation on this error, please visit: http://seleniumhq.org/exceptions/no_such_element.html
Build info: version: '2.52.0', revision: '4c2593c', time: '2016-02-11 19:06:42'
System info: host: 'APOPA-RO-PC', ip: '10.249.130.209', os.name: 'Windows 7', os.arch: 'amd64', os.version: '6.1', java.version: '1.8.0_92'
Driver info: org.openqa.selenium.firefox.FirefoxDriver
Capabilities [{applicationCacheEnabled=true, rotatable=false, handlesAlerts=true, databaseEnabled=true, version=43.0.1, platform=WINDOWS, nativeEvents=false, acceptSslCerts=true, webStorageEnabled=true, locationContextEnabled=true, browserName=firefox, takesScreenshot=true, javascriptEnabled=true, cssSelectorsEnabled=true}]
Session ID: 961f5ba2-7d09-4fad-b729-2b754b88e66b
*** Element info: {Using=css selector, value=iframe[title='iframe content']}
	at sun.reflect.NativeConstructorAccessorImpl.newInstance0(Native Method)
	at sun.reflect.NativeConstructorAccessorImpl.newInstance(NativeConstructorAccessorImpl.java:62)
	at sun.reflect.DelegatingConstructorAccessorImpl.newInstance(DelegatingConstructorAccessorImpl.java:45)
	at java.lang.reflect.Constructor.newInstance(Constructor.java:423)
	at org.openqa.selenium.remote.ErrorHandler.createThrowable(ErrorHandler.java:206)
	at org.openqa.selenium.remote.ErrorHandler.throwIfResponseFailed(ErrorHandler.java:158)
	at org.openqa.selenium.remote.RemoteWebDriver.execute(RemoteWebDriver.java:678)
	at org.openqa.selenium.remote.RemoteWebDriver.findElement(RemoteWebDriver.java:363)
	at org.openqa.selenium.remote.RemoteWebDriver.findElementByCssSelector(RemoteWebDriver.java:492)
	at org.openqa.selenium.By$ByCssSelector.findElement(By.java:430)
	at org.openqa.selenium.remote.RemoteWebDriver.findElement(RemoteWebDriver.java:355)
	at selenium.WebDriverDelegate.findElement(Unknown Source)
	at page.objects.Page.switchToLoginiFrame(Unknown Source)
	at ctest.features.StepDefinitions.verifyNotFound(Unknown Source)
	at ✽.When sign-in with credentials: "test@mailinator.com" "test1234"(ctest/features/test.feature:26)
Caused by: org.openqa.selenium.NoSuchElementException: Unable to locate element: {"method":"css selector","selector":"iframe[title='iframe content']"}
For documentation on this error, please visit: http://seleniumhq.org/exceptions/no_such_element.html
Build info: version: '2.52.0', revision: '4c2593c', time: '2016-02-11 19:06:42'
System info: host: 'APOPA-RO-PC', ip: '10.249.130.209', os.name: 'Windows 7', os.arch: 'amd64', os.version: '6.1', java.version: '1.8.0_92'
Driver info: driver.version: unknown
	at <anonymous class>.FirefoxDriver.prototype.findElementInternal_(file:///C:/Users/apopa/AppData/Local/Temp/anonymous4443663111120345130webdriver-profile/extensions/fxdriver@googlecode.com/components/driver-component.js:10723)
	at <anonymous class>.fxdriver.Timer.prototype.setTimeout/<.notify(file:///C:/Users/apopa/AppData/Local/Temp/anonymous4443663111120345130webdriver-profile/extensions/fxdriver@googlecode.com/components/driver-component.js:623)
]]></failure>
</testcase>
</testsuite>
